#
# There is insufficient memory for the Java Runtime Environment to continue.
# Native memory allocation (mmap) failed to map 134217728 bytes for G1 virtual space
# Possible reasons:
#   The system is out of physical RAM or swap space
#   The process is running with CompressedOops enabled, and the Java Heap may be blocking the growth of the native heap
# Possible solutions:
#   Reduce memory load on the system
#   Increase physical memory or swap space
#   Check if swap backing store is full
#   Decrease Java heap size (-Xmx/-Xms)
#   Decrease number of Java threads
#   Decrease Java thread stack sizes (-Xss)
#   Set larger code cache with -XX:ReservedCodeCacheSize=
#   JVM is running with Unscaled Compressed Oops mode in which the Java heap is
#     placed in the first 4GB address space. The Java Heap base address is the
#     maximum limit for the native heap growth. Please use -XX:HeapBaseMinAddress
#     to set the Java Heap base and to place the Java Heap above 4GB virtual address.
# This output file may be truncated or incomplete.
#
#  Out of Memory Error (os_windows.cpp:3536), pid=10100, tid=9448
#
# JRE version:  (19.0.2+7) (build )
# Java VM: Java HotSpot(TM) 64-Bit Server VM (19.0.2+7-44, mixed mode, sharing, tiered, compressed oops, compressed class ptrs, g1 gc, windows-amd64)
# No core dump will be written. Minidumps are not enabled by default on client versions of Windows
#

---------------  S U M M A R Y ------------

Command Line: -javaagent:C:\Program Files\JetBrains\IntelliJ IDEA Educational Edition 2022.2.2\lib\idea_rt.jar=53308:C:\Program Files\JetBrains\IntelliJ IDEA Educational Edition 2022.2.2\bin -Dfile.encoding=UTF-8 -Dsun.stdout.encoding=UTF-8 -Dsun.stderr.encoding=UTF-8 PatientRegisterPage

Host: Intel(R) Core(TM) i3-6100 CPU @ 3.70GHz, 4 cores, 7G,  Windows 10 , 64 bit Build 19041 (10.0.19041.3393)
Time: Sat Sep 23 15:07:23 2023 India Standard Time elapsed time: 0.079963 seconds (0d 0h 0m 0s)

---------------  T H R E A D  ---------------

Current thread (0x000002528b93dc80):  JavaThread "Unknown thread" [_thread_in_vm, id=9448, stack(0x0000005a99300000,0x0000005a99400000)]

Stack: [0x0000005a99300000,0x0000005a99400000]
Native frames: (J=compiled Java code, j=interpreted, Vv=VM code, C=native code)
V  [jvm.dll+0x6ee21a]
V  [jvm.dll+0x85765e]
V  [jvm.dll+0x85904e]
V  [jvm.dll+0x859703]
V  [jvm.dll+0x28298f]
V  [jvm.dll+0x6eb009]
V  [jvm.dll+0x6dfbaa]
V  [jvm.dll+0x3573f6]
V  [jvm.dll+0x35ee56]
V  [jvm.dll+0x3b541e]
V  [jvm.dll+0x3b564f]
V  [jvm.dll+0x32c9ea]
V  [jvm.dll+0x32d89e]
V  [jvm.dll+0x821780]
V  [jvm.dll+0x3c2661]
V  [jvm.dll+0x801f51]
V  [jvm.dll+0x44ae8f]
V  [jvm.dll+0x44c811]
C  [jli.dll+0x5287]
C  [ucrtbase.dll+0x21bb2]
C  [KERNEL32.DLL+0x17344]
C  [ntdll.dll+0x526b1]


---------------  P R O C E S S  ---------------

Threads class SMR info:
_java_thread_list=0x00007fff1529d048, length=0, elements={
}

Java Threads: ( => current thread )

Other Threads:
  0x000002528b99d7b0 WorkerThread "GC Thread#0" [stack: 0x0000005a99400000,0x0000005a99500000] [id=1056]
  0x000002528b9ae410 ConcurrentGCThread "G1 Main Marker" [stack: 0x0000005a99500000,0x0000005a99600000] [id=1484]
  0x000002528b9aee40 WorkerThread "G1 Conc#0" [stack: 0x0000005a99600000,0x0000005a99700000] [id=3388]

[error occurred during error reporting (printing all threads), id 0xc0000005, EXCEPTION_ACCESS_VIOLATION (0xc0000005) at pc=0x00007fff14a5d427]

VM state: not at safepoint (not fully initialized)

VM Mutex/Monitor currently owned by a thread:  ([mutex/lock_event])
[0x000002528b939890] Heap_lock - owner thread: 0x000002528b93dc80

Heap address: 0x0000000081800000, size: 2024 MB, Compressed Oops mode: 32-bit

CDS archive(s) mapped at: [0x0000000000000000-0x0000000000000000-0x0000000000000000), size 0, SharedBaseAddress: 0x0000000800000000, ArchiveRelocationMode: 0.
Narrow klass base: 0x0000000000000000, Narrow klass shift: 0, Narrow klass range: 0x0

GC Precious Log:
 CardTable entry size: 512
 Card Set container configuration: InlinePtr #cards 5 size 8 Array Of Cards #cards 12 size 40 Howl #buckets 4 coarsen threshold 1843 Howl Bitmap #cards 512 size 80 coarsen threshold 460 Card regions per heap region 1 cards per card region 2048

Heap:
 garbage-first heap   total 0K, used 0K [0x0000000081800000, 0x0000000100000000)
  region size 1024K, 0 young (0K), 0 survivors (0K)

[error occurred during error reporting (printing heap information), id 0xc0000005, EXCEPTION_ACCESS_VIOLATION (0xc0000005) at pc=0x00007fff14e66649]

GC Heap History (0 events):
No events

Dll operation events (1 events):
Event: 0.043 Loaded shared library C:\Program Files\Java\jdk-19\bin\java.dll

Deoptimization events (0 events):
No events

Classes loaded (0 events):
No events

Classes unloaded (0 events):
No events

Classes redefined (0 events):
No events

Internal exceptions (0 events):
No events

VM Operations (0 events):
No events

Events (0 events):
No events


Dynamic libraries:
0x00007ff6d1300000 - 0x00007ff6d1310000 	C:\Program Files\Java\jdk-19\bin\java.exe
0x00007fff530d0000 - 0x00007fff532c8000 	C:\Windows\SYSTEM32\ntdll.dll
0x00007fff520b0000 - 0x00007fff5216d000 	C:\Windows\System32\KERNEL32.DLL
0x00007fff507e0000 - 0x00007fff50ad6000 	C:\Windows\System32\KERNELBASE.dll
0x00007fff50d70000 - 0x00007fff50e70000 	C:\Windows\System32\ucrtbase.dll
0x00007fff3fd00000 - 0x00007fff3fd18000 	C:\Program Files\Java\jdk-19\bin\jli.dll
0x00007fff51b30000 - 0x00007fff51bde000 	C:\Windows\System32\ADVAPI32.dll
0x00007fff52f20000 - 0x00007fff52fbe000 	C:\Windows\System32\msvcrt.dll
0x00007fff52fc0000 - 0x00007fff5305c000 	C:\Windows\System32\sechost.dll
0x00007fff51c50000 - 0x00007fff51d76000 	C:\Windows\System32\RPCRT4.dll
0x00007fff3fdd0000 - 0x00007fff3fdeb000 	C:\Program Files\Java\jdk-19\bin\VCRUNTIME140.dll
0x00007fff51e40000 - 0x00007fff51fde000 	C:\Windows\System32\USER32.dll
0x00007fff507b0000 - 0x00007fff507d2000 	C:\Windows\System32\win32u.dll
0x00007fff525b0000 - 0x00007fff525dc000 	C:\Windows\System32\GDI32.dll
0x00007fff50f70000 - 0x00007fff5108a000 	C:\Windows\System32\gdi32full.dll
0x00007fff51090000 - 0x00007fff5112d000 	C:\Windows\System32\msvcp_win.dll
0x00007fff35010000 - 0x00007fff352aa000 	C:\Windows\WinSxS\amd64_microsoft.windows.common-controls_6595b64144ccf1df_6.0.19041.1110_none_60b5254171f9507e\COMCTL32.dll
0x00007fff4af30000 - 0x00007fff4af3a000 	C:\Windows\SYSTEM32\VERSION.dll
0x00007fff53060000 - 0x00007fff53090000 	C:\Windows\System32\IMM32.DLL
0x00007fff42a50000 - 0x00007fff42a5c000 	C:\Program Files\Java\jdk-19\bin\vcruntime140_1.dll
0x00007fff2cfc0000 - 0x00007fff2d04e000 	C:\Program Files\Java\jdk-19\bin\msvcp140.dll
0x00007fff14720000 - 0x00007fff153e0000 	C:\Program Files\Java\jdk-19\bin\server\jvm.dll
0x00007fff42d60000 - 0x00007fff42d87000 	C:\Windows\SYSTEM32\WINMM.dll
0x00007fff492e0000 - 0x00007fff492e9000 	C:\Windows\SYSTEM32\WSOCK32.dll
0x00007fff52640000 - 0x00007fff526ab000 	C:\Windows\System32\WS2_32.dll
0x00007fff4e660000 - 0x00007fff4e672000 	C:\Windows\SYSTEM32\kernel.appcore.dll
0x00007fff403d0000 - 0x00007fff403da000 	C:\Program Files\Java\jdk-19\bin\jimage.dll
0x00007fff42b70000 - 0x00007fff42d54000 	C:\Windows\SYSTEM32\DBGHELP.DLL
0x00007fff420f0000 - 0x00007fff42124000 	C:\Windows\SYSTEM32\dbgcore.DLL
0x00007fff50ee0000 - 0x00007fff50f62000 	C:\Windows\System32\bcryptPrimitives.dll
0x00007fff34300000 - 0x00007fff3430e000 	C:\Program Files\Java\jdk-19\bin\instrument.dll
0x00007fff3ecf0000 - 0x00007fff3ed16000 	C:\Program Files\Java\jdk-19\bin\java.dll

dbghelp: loaded successfully - version: 4.0.5 - missing functions: none
symbol engine: initialized successfully - sym options: 0x614 - pdb path: .;C:\Program Files\Java\jdk-19\bin;C:\Windows\SYSTEM32;C:\Windows\WinSxS\amd64_microsoft.windows.common-controls_6595b64144ccf1df_6.0.19041.1110_none_60b5254171f9507e;C:\Program Files\Java\jdk-19\bin\server

VM Arguments:
jvm_args: -javaagent:C:\Program Files\JetBrains\IntelliJ IDEA Educational Edition 2022.2.2\lib\idea_rt.jar=53308:C:\Program Files\JetBrains\IntelliJ IDEA Educational Edition 2022.2.2\bin -Dfile.encoding=UTF-8 -Dsun.stdout.encoding=UTF-8 -Dsun.stderr.encoding=UTF-8 
java_command: PatientRegisterPage
java_class_path (initial): D:\santhiya\EyeBank\out\production\EyeBank
Launcher Type: SUN_STANDARD

[Global flags]
     intx CICompilerCount                          = 3                                         {product} {ergonomic}
     uint ConcGCThreads                            = 1                                         {product} {ergonomic}
     uint G1ConcRefinementThreads                  = 4                                         {product} {ergonomic}
   size_t G1HeapRegionSize                         = 1048576                                   {product} {ergonomic}
    uintx GCDrainStackTargetSize                   = 64                                        {product} {ergonomic}
   size_t InitialHeapSize                          = 134217728                                 {product} {ergonomic}
   size_t MarkStackSize                            = 4194304                                   {product} {ergonomic}
   size_t MaxHeapSize                              = 2122317824                                {product} {ergonomic}
   size_t MinHeapDeltaBytes                        = 1048576                                   {product} {ergonomic}
   size_t MinHeapSize                              = 8388608                                   {product} {ergonomic}
    uintx NonNMethodCodeHeapSize                   = 5832780                                {pd product} {ergonomic}
    uintx NonProfiledCodeHeapSize                  = 122912730                              {pd product} {ergonomic}
    uintx ProfiledCodeHeapSize                     = 122912730                              {pd product} {ergonomic}
    uintx ReservedCodeCacheSize                    = 251658240                              {pd product} {ergonomic}
     bool SegmentedCodeCache                       = true                                      {product} {ergonomic}
   size_t SoftMaxHeapSize                          = 2122317824                             {manageable} {ergonomic}
     bool UseCompressedClassPointers               = true                           {product lp64_product} {ergonomic}
     bool UseCompressedOops                        = true                           {product lp64_product} {ergonomic}
     bool UseG1GC                                  = true                                      {product} {ergonomic}
     bool UseLargePagesIndividualAllocation        = false                                  {pd product} {ergonomic}

Logging:
Log output configuration:
 #0: stdout all=warning uptime,level,tags foldmultilines=false
 #1: stderr all=off uptime,level,tags foldmultilines=false

Environment Variables:
PATH=C:\Program Files (x86)\VMware\VMware Player\bin\;C:\Program Files\Python38\Scripts\;C:\Program Files\Python38\;C:\Program Files\Common Files\Oracle\Java\javapath;C:\Windows\system32;C:\Windows;C:\Windows\System32\Wbem;C:\Windows\System32\WindowsPowerShell\v1.0\;C:\Windows\System32\OpenSSH\;C:\Users\LIVEWIRE\mongosh\bin\;C:\Program Files\nodejs\;C:\Program Files\MongoDB\Server\6.0\bin;C:\Program Files\Microsoft SQL Server\130\Tools\Binn\;C:\mongosh\bin;C:\Program Files\Microsoft SQL Server\150\Tools\Binn\;C:\Program Files\dotnet\;C:\Users\LIVEWIRE\AppData\Local\Programs\Python\Python311\Scripts\;C:\Users\LIVEWIRE\AppData\Local\Programs\Python\Python311\;C:\Users\LIVEWIRE\AppData\Local\Microsoft\WindowsApps;C:\Users\LIVEWIRE\AppData\Local\Programs\Microsoft VS Code\bin;C:\Program Files\JetBrains\PyCharm Edu 2022.2.2\bin;;C:\Program Files\JetBrains\IntelliJ IDEA Educational Edition 2022.2.2\bin;;C:\Users\LIVEWIRE\AppData\Roaming\npm;C:\Program Files\MongoDB\Server\6.0\bin;C:\mongosh\bin;C:\Users\LIVEWIRE\.dotnet\tools
USERNAME=LIVEWIRE
OS=Windows_NT
PROCESSOR_IDENTIFIER=Intel64 Family 6 Model 94 Stepping 3, GenuineIntel
TMP=C:\Users\LIVEWIRE\AppData\Local\Temp
TEMP=C:\Users\LIVEWIRE\AppData\Local\Temp



---------------  S Y S T E M  ---------------

OS:
 Windows 10 , 64 bit Build 19041 (10.0.19041.3393)
OS uptime: 0 days 5:45 hours

CPU: total 4 (initial active 4) (2 cores per cpu, 2 threads per core) family 6 model 94 stepping 3 microcode 0xcc, cx8, cmov, fxsr, ht, mmx, 3dnowpref, sse, sse2, sse3, ssse3, sse4.1, sse4.2, popcnt, lzcnt, tsc, tscinvbit, avx, avx2, aes, erms, clmul, bmi1, bmi2, adx, fma, vzeroupper, clflush, clflushopt, rdtscp

Memory: 4k page, system-wide physical 8091M (464M free)
TotalPageFile size 12482M (AvailPageFile size 16M)
current process WorkingSet (physical memory assigned to process): 10M, peak: 10M
current process commit charge ("private bytes"): 52M, peak: 180M

vm_info: Java HotSpot(TM) 64-Bit Server VM (19.0.2+7-44) for windows-amd64 JRE (19.0.2+7-44), built on 2022-11-30T18:02:09Z by "mach5one" with MS VC++ 17.1 (VS2022)

END.
